2018-10-28T07:07:44.785Z fatal: file: ConektaController. ERROR:{}
2018-10-28T07:07:45.590Z fatal: file: ConektaController. ERROR:{}
2018-10-28T07:08:50.720Z fatal: file: ConektaController. ERROR:{}
2018-10-28T07:08:55.793Z fatal: file: ConektaController. ERROR:{}
2018-10-28T07:10:57.689Z fatal: file: ConektaController. ERROR:{}
2018-10-28T07:15:03.112Z fatal: file: ConektaController. ERROR:{}
2018-10-28T07:15:07.655Z fatal: file: ConektaController. ERROR:{}
2018-10-28T07:16:03.195Z fatal: file: ConektaController. ERROR:{}
2018-10-28T07:16:09.706Z fatal: file: ConektaController. ERROR:{}
2018-10-28T07:16:55.189Z fatal: file: ConektaController. ERROR:{}
2018-10-28T07:17:31.879Z fatal: file: ConektaController. ERROR:{}
2018-10-28T07:20:02.578Z fatal: file: ConektaController. ERROR:{}
2018-10-28T07:20:06.978Z fatal: file: ConektaController. ERROR:{}
2018-10-28T07:20:25.193Z fatal: file: ConektaController. ERROR:{}
2018-10-28T07:20:28.143Z fatal: file: ConektaController. ERROR:{}
2018-10-28T07:58:39.202Z fatal: file: ConektaController@removeCard ERROR:{}
2018-10-28T07:59:18.077Z fatal: file: ConektaController@removeCard ERROR:{}
2018-10-28T07:59:44.040Z fatal: file: ConektaController@removeCard ERROR:{}
2018-10-28T08:00:40.856Z fatal: file: ConektaController@removeCard ERROR:{}
2018-10-28T08:11:56.853Z fatal: file: ConektaController@removeCard ERROR:{}
2018-10-28T08:13:50.746Z fatal: file: ConektaController@removeCard ERROR:{}
2018-10-28T08:14:38.117Z fatal: file: ConektaController@removeCard ERROR:{}
2018-10-28T08:45:43.262Z fatal: file: ConektaController@removeCard ERROR:{}
2018-10-28T08:49:27.915Z fatal: file: ConektaController@removeCard ERROR:{}
2018-10-28T08:51:32.232Z fatal: file: ConektaController@removeCard ERROR:{}
2018-10-28T08:52:17.288Z fatal: file: ConektaController@removeCard ERROR:{}
2018-10-28T08:53:08.478Z fatal: file: ConektaController@removeCard ERROR:{}
2018-10-28T08:54:53.268Z fatal: file: ConektaController@removeCard ERROR:{}
2018-10-28T08:55:21.881Z fatal: file: ConektaController@removeCard ERROR:{}
2018-10-28T08:56:08.604Z fatal: file: ConektaController@removeCard ERROR:{}
2018-10-28T08:56:49.087Z fatal: file: ConektaController@removeCard ERROR:{}
2018-10-28T09:37:14.964Z fatal: file: ConektaController@removeCard ERROR:{}
2018-10-28T09:47:13.615Z fatal: file: ConektaController@removeCard ERROR:{}
2018-10-28T09:50:54.048Z info: Fernando Dorantes Monsiváis added card (5100) with token src_2jWmoZSnDC5EFtbfx
2018-10-28T09:52:24.105Z info: Fernando Dorantes Monsiváis added card (5100) with token src_2jWmpidLbLJvwUrrf
2018-10-28T09:57:08.354Z fatal: file: ConektaController@removeCard ERROR:{}
2018-10-28T10:01:37.269Z info: Fernando Dorantes Monsiváis added card (5100) with token src_2jWmwk6ZWP62sDp36
2018-10-28T10:07:40.390Z info: Fernando Dorantes Monsiváis added card (5100) with token src_2jWn2Npo2wumX7amm
2018-10-28T10:18:18.058Z fatal: file: ConektaController@removeCard ERROR:{}
2018-10-28T10:21:52.674Z info: Fernando Dorantes Monsiváis added card (5100) with token src_2jWnDDfoMXUm5qHXQ
2018-10-28T10:22:15.841Z fatal: file: ConektaController@removeCard ERROR:{}
2018-10-28T10:23:51.621Z info: Fernando Dorantes Monsiváis added card (5100) with token src_2jWnEizabKyzsdjQ2
2018-10-28T10:24:17.840Z fatal: file: ConektaController@removeCard ERROR:{}
2018-10-28T10:27:40.106Z info: Fernando Dorantes Monsiváis added card (5100) with token src_2jWnHeo2MBdcXugJ2
2018-10-28T10:28:17.301Z fatal: file: ConektaController@removeCard ERROR:{}
2018-10-28T10:33:07.391Z info: Fernando Dorantes Monsiváis added card (5100) with token src_2jWnMoR5bB8bJnYww
2018-10-28T10:36:02.519Z info: Fernando Dorantes Monsiváis added card (5100) with token src_2jWnQ2cTi4Z5MCbHR
2018-10-28T10:43:17.674Z fatal: file: ConektaController. ERROR:{"http_code":422,"details":[{"debug_message":"The token does not exist.","message":"The token does not exist.","param":"token_id","code":"conekta.errors.parameter_validation.token_id.nonexistent_token"}],"object":"error","type":"parameter_validation_error","log_id":"5bd592c5b795b05c0cedda0e"}
2018-10-28T10:43:57.092Z info: Fernando Dorantes Monsiváis added card (5100) with token src_2jWnW58ajUffsULE2
2018-10-28T10:49:37.956Z info: Fernando Dorantes Monsiváis added card (5100) with token src_2jWnaQsyHTcm1RGy2
2018-10-28T10:50:29.970Z info: Fernando Dorantes Monsiváis remove card (5100) with token 5bd594412da6532a3259f917
2018-10-28T10:54:14.253Z info: Fernando Dorantes Monsiváis added card (5100) with token src_2jWndwb2JxkTEcLvr
2018-10-28T10:54:27.600Z info: Fernando Dorantes Monsiváis remove card (5100) with token 5bd5955616ccf02af8d49b4d
2018-10-28T10:55:50.786Z info: Fernando Dorantes Monsiváis added card (5100) with token src_2jWnfAQdo6rpukBZQ
2018-10-28T10:56:06.459Z info: Fernando Dorantes Monsiváis remove card (5100) with token 5bd595b616ccf02af8d49b4e
2018-10-28T10:58:39.055Z info: Fernando Dorantes Monsiváis added card (5100) with token src_2jWnhJSHGbRoUvxtw
2018-10-28T10:59:02.587Z info: Fernando Dorantes Monsiváis remove card (5100) with token 5bd5965e674a972c17706542
2018-10-28T11:02:21.756Z fatal: file: ConektaController. ERROR:{"http_code":402,"details":[{"debug_message":"The token has already been used.","message":"The card could not be processed.","code":"conekta.errors.processing.tokenization.used"}],"object":"error","type":"processing_error","log_id":"5bd5973dffecf93d14d479ce"}
2018-10-28T11:02:27.413Z info: Fernando Dorantes Monsiváis added card (5100) with token src_2jWnkCp8V3fjTDcrr
2018-10-28T11:02:58.113Z info: Fernando Dorantes Monsiváis remove card (5100) with token 5bd59743df16cb2ce80fef7f
2018-10-28T11:05:52.662Z info: Fernando Dorantes Monsiváis added card (5100) with token src_2jWnnpgowqUdUGDe5
2018-10-28T11:45:57.522Z fatal: file: ConektaController. ERROR:{}
2018-10-28T11:46:31.916Z fatal: file: ConektaController. ERROR:{"http_code":402,"details":[{"debug_message":"The token has already been used.","message":"The card could not be processed.","code":"conekta.errors.processing.tokenization.used"}],"object":"error","type":"processing_error","log_id":"5bd5a193b795b0179cf47a06"}
2018-10-28T11:49:45.449Z fatal: file: ConektaController. ERROR:{}
2018-10-28T11:51:41.451Z info: Fernando Dorantes Monsiváis added card (5100) with token src_2jWoPobN4xfZmLE29
2018-10-28T11:52:27.759Z info: Fernando Dorantes Monsiváis remove card (5100) with token src_2jWoPobN4xfZmLE29
2018-10-28T11:54:32.357Z info: Fernando Dorantes Monsiváis added card (5100) with token src_2jWoRzaHdFRatik5X
2018-10-28T11:55:29.603Z info: Fernando Dorantes Monsiváis remove card (5100) with token src_2jWoRzaHdFRatik5X
